This is pdfTeX, Version 3.14159265-2.6-1.40.21 (MiKTeX 20.12) (preloaded format=pdflatex 2020.12.27)  22 JAN 2021 10:26
entering extended mode
**"d:/Documenti - DataDrive/GitHub/Trie/Trie Latex Report/TrieReportSource.tex"
("d:/Documenti - DataDrive/GitHub/Trie/Trie Latex Report/TrieReportSource.tex"
LaTeX2e <2020-10-01> patch level 2
L3 programming layer <2020-12-07> xparse <2020-03-03> (C:\Users\nicol\AppData\Local\Programs\MiKTeX\tex/latex/base\article.cls
Document Class: article 2020/04/10 v1.4m Standard LaTeX document class
(C:\Users\nicol\AppData\Local\Programs\MiKTeX\tex/latex/base\size12.clo
File: size12.clo 2020/04/10 v1.4m Standard LaTeX file (size option)
)
\c@part=\count177
\c@section=\count178
\c@subsection=\count179
\c@subsubsection=\count180
\c@paragraph=\count181
\c@subparagraph=\count182
\c@figure=\count183
\c@table=\count184
\abovecaptionskip=\skip47
\belowcaptionskip=\skip48
\bibindent=\dimen138
) (C:\Users\nicol\AppData\Local\Programs\MiKTeX\tex/latex/base\inputenc.sty
Package: inputenc 2020/08/01 v1.3d Input encoding file
\inpenc@prehook=\toks15
\inpenc@posthook=\toks16
) (C:\Users\nicol\AppData\Local\Programs\MiKTeX\tex/generic/babel\babel.sty
Package: babel 2020/10/27 3.51 The Babel package
 (C:\Users\nicol\AppData\Local\Programs\MiKTeX\tex/generic/babel\babel.def
File: babel.def 2020/10/27 3.51 Babel common definitions
\babel@savecnt=\count185
\U@D=\dimen139
\l@babelnohyphens=\language79
 (C:\Users\nicol\AppData\Local\Programs\MiKTeX\tex/generic/babel\txtbabel.def)
\bbl@readstream=\read2
)
\bbl@dirlevel=\count186

*************************************
* Local config file bblopts.cfg used
*
(C:\Users\nicol\AppData\Local\Programs\MiKTeX\tex/latex/arabi\bblopts.cfg
File: bblopts.cfg 2005/09/08 v0.1 add Arabic and Farsi to "declared" options of babel
) (C:\Users\nicol\AppData\Local\Programs\MiKTeX\tex/latex/babel-italian\italian.ldf
Language: italian 2020/05/21 v.1.4.04 Italian support for the babel system
\it@lettering=\count187
\it@doublequoteactive=\count188
\it@ISOcompliance=\count189
)) (C:\Users\nicol\AppData\Local\Programs\MiKTeX\tex/latex/etoolbox\etoolbox.sty
Package: etoolbox 2020/10/05 v2.5k e-TeX tools for LaTeX (JAW)
\etb@tempcnta=\count190
) (C:\Users\nicol\AppData\Local\Programs\MiKTeX\tex/latex/titlesec\titlesec.sty
Package: titlesec 2019/10/16 v2.13 Sectioning titles
\ttl@box=\box47
\beforetitleunit=\skip49
\aftertitleunit=\skip50
\ttl@plus=\dimen140
\ttl@minus=\dimen141
\ttl@toksa=\toks17
\titlewidth=\dimen142
\titlewidthlast=\dimen143
\titlewidthfirst=\dimen144
) (C:\Users\nicol\AppData\Local\Programs\MiKTeX\tex/latex/graphics\graphicx.sty
Package: graphicx 2020/09/09 v1.2b Enhanced LaTeX Graphics (DPC,SPQR)
 (C:\Users\nicol\AppData\Local\Programs\MiKTeX\tex/latex/graphics\keyval.sty
Package: keyval 2014/10/28 v1.15 key=value parser (DPC)
\KV@toks@=\toks18
) (C:\Users\nicol\AppData\Local\Programs\MiKTeX\tex/latex/graphics\graphics.sty
Package: graphics 2020/08/30 v1.4c Standard LaTeX Graphics (DPC,SPQR)
 (C:\Users\nicol\AppData\Local\Programs\MiKTeX\tex/latex/graphics\trig.sty
Package: trig 2016/01/03 v1.10 sin cos tan (DPC)
) (C:\Users\nicol\AppData\Local\Programs\MiKTeX\tex/latex/graphics-cfg\graphics.cfg
File: graphics.cfg 2016/06/04 v1.11 sample graphics configuration
)
Package graphics Info: Driver file: pdftex.def on input line 105.
 (C:\Users\nicol\AppData\Local\Programs\MiKTeX\tex/latex/graphics-def\pdftex.def
File: pdftex.def 2020/10/05 v1.2a Graphics/color driver for pdftex
))
\Gin@req@height=\dimen145
\Gin@req@width=\dimen146
) (C:\Users\nicol\AppData\Local\Programs\MiKTeX\tex/latex/algorithm2e\algorithm2e.sty
Package: algorithm2e 2017/07/18 v5.2 algorithms environments
\c@AlgoLine=\count191
 (C:\Users\nicol\AppData\Local\Programs\MiKTeX\tex/latex/base\ifthen.sty
Package: ifthen 2014/09/29 v1.1c Standard LaTeX ifthen package (DPC)
)
\algocf@hangindent=\skip51
 (C:\Users\nicol\AppData\Local\Programs\MiKTeX\tex/latex/ifoddpage\ifoddpage.sty
Package: ifoddpage 2016/04/23 v1.1 Conditionals for odd/even page detection
\c@checkoddpage=\count192
) (C:\Users\nicol\AppData\Local\Programs\MiKTeX\tex/latex/tools\xspace.sty
Package: xspace 2014/10/28 v1.13 Space after command names (DPC,MH)
) (C:\Users\nicol\AppData\Local\Programs\MiKTeX\tex/latex/relsize\relsize.sty
Package: relsize 2013/03/29 ver 4.1
)
\skiptotal=\skip52
\skiplinenumber=\skip53
\skiprule=\skip54
\skiphlne=\skip55
\skiptext=\skip56
\skiplength=\skip57
\algomargin=\skip58
\skipalgocfslide=\skip59
\algowidth=\dimen147
\inoutsize=\dimen148
\inoutindent=\dimen149
\interspacetitleruled=\dimen150
\interspacealgoruled=\dimen151
\interspacetitleboxruled=\dimen152
\algocf@ruledwidth=\skip60
\algocf@inoutbox=\box48
\algocf@inputbox=\box49
\AlCapSkip=\skip61
\AlCapHSkip=\skip62
\algoskipindent=\skip63
\algocf@nlbox=\box50
\algocf@hangingbox=\box51
\algocf@untilbox=\box52
\algocf@skipuntil=\skip64
\algocf@capbox=\box53
\algocf@lcaptionbox=\skip65
\algoheightruledefault=\skip66
\algoheightrule=\skip67
\algotitleheightruledefault=\skip68
\algotitleheightrule=\skip69
\c@algocfline=\count193
\c@algocfproc=\count194
\c@algocf=\count195
\algocf@algoframe=\box54
\algocf@algobox=\box55
) (C:\Users\nicol\AppData\Local\Programs\MiKTeX\tex/latex/algorithms\algorithmic.sty
Package: algorithmic 2009/08/24 v0.1 Document Style `algorithmic'
\c@ALC@unique=\count196
\c@ALC@line=\count197
\c@ALC@rem=\count198
\c@ALC@depth=\count199
\ALC@tlm=\skip70
\algorithmicindent=\skip71
) (C:\Users\nicol\AppData\Local\Programs\MiKTeX\tex/latex/l3backend\l3backend-pdftex.def
File: l3backend-pdftex.def 2020-09-24 L3 backend support: PDF output (pdfTeX)
\l__kernel_color_stack_int=\count266
\l__pdf_internal_box=\box56
) ("d:/Documenti - DataDrive\GitHub\Trie\Trie Latex Report\TrieReportSource.aux"

LaTeX Warning: Label `fig:my_label' multiply defined.


LaTeX Warning: Label `fig:my_label' multiply defined.


LaTeX Warning: Label `fig:my_label' multiply defined.


LaTeX Warning: Label `fig:my_label' multiply defined.


LaTeX Warning: Label `fig:my_label' multiply defined.


LaTeX Warning: Label `fig:my_label' multiply defined.


LaTeX Warning: Label `fig:my_label' multiply defined.


LaTeX Warning: Label `trie-1' multiply defined.


LaTeX Warning: Label `trie-1' multiply defined.

)
\openout1 = `TrieReportSource.aux'.

LaTeX Font Info:    Checking defaults for OML/cmm/m/it on input line 19.
LaTeX Font Info:    ... okay on input line 19.
LaTeX Font Info:    Checking defaults for OMS/cmsy/m/n on input line 19.
LaTeX Font Info:    ... okay on input line 19.
LaTeX Font Info:    Checking defaults for OT1/cmr/m/n on input line 19.
LaTeX Font Info:    ... okay on input line 19.
LaTeX Font Info:    Checking defaults for T1/cmr/m/n on input line 19.
LaTeX Font Info:    ... okay on input line 19.
LaTeX Font Info:    Checking defaults for TS1/cmr/m/n on input line 19.
LaTeX Font Info:    ... okay on input line 19.
LaTeX Font Info:    Checking defaults for OMX/cmex/m/n on input line 19.
LaTeX Font Info:    ... okay on input line 19.
LaTeX Font Info:    Checking defaults for U/cmr/m/n on input line 19.
LaTeX Font Info:    ... okay on input line 19.
LaTeX Info: Redefining \it@ocap on input line 19.
LaTeX Info: Redefining \it@ccap on input line 19.


File italian.ldf warning: 
italian.ldf    With OT1 encoding guillemets are poorly faked
italian.ldf    Use T1 encoding
italian.ldf    or specify a font with command \CaporaliFrom
italian.ldf    See the documentation concerning the babel-italian typesetting 
italian.ldf    on input line 19.

(C:\Users\nicol\AppData\Local\Programs\MiKTeX\tex/context/base/mkii\supp-pdf.mkii
[Loading MPS to PDF converter (version 2006.09.02).]
\scratchcounter=\count267
\scratchdimen=\dimen153
\scratchbox=\box57
\nofMPsegments=\count268
\nofMParguments=\count269
\everyMPshowfont=\toks19
\MPscratchCnt=\count270
\MPscratchDim=\dimen154
\MPnumerator=\count271
\makeMPintoPDFobject=\count272
\everyMPtoPDFconversion=\toks20
) (C:\Users\nicol\AppData\Local\Programs\MiKTeX\tex/latex/epstopdf-pkg\epstopdf-base.sty
Package: epstopdf-base 2020-01-24 v2.11 Base part for package epstopdf
Package epstopdf-base Info: Redefining graphics rule for `.eps' on input line 485.
)
LaTeX Font Info:    External font `cmex10' loaded for size
(Font)              <14.4> on input line 20.
LaTeX Font Info:    External font `cmex10' loaded for size
(Font)              <7> on input line 20.
 [1

{C:/Users/nicol/AppData/Local/MiKTeX/pdftex/config/pdftex.map}] ("d:/Documenti - DataDrive\GitHub\Trie\Trie Latex Report\TrieReportSource.toc")
\tf@toc=\write3
\openout3 = `TrieReportSource.toc'.

 [2

] [3

] [4

]
<Images/shape trie.png, id=17, 678.1335pt x 426.99525pt>
File: Images/shape trie.png Graphic file (type png)
<use Images/shape trie.png>
Package pdftex.def Info: Images/shape trie.png  used on input line 55.
(pdftex.def)             Requested size: 284.52756pt x 179.15434pt.
 [5

 <d:/Documenti - DataDrive/GitHub/Trie/Trie Latex Report/Images/shape trie.png>]
<Images/nodo trie.png, id=23, 275.8305pt x 278.84175pt>
File: Images/nodo trie.png Graphic file (type png)
<use Images/nodo trie.png>
Package pdftex.def Info: Images/nodo trie.png  used on input line 76.
(pdftex.def)             Requested size: 142.26378pt x 143.8157pt.
 [6

 <d:/Documenti - DataDrive/GitHub/Trie/Trie Latex Report/Images/nodo trie.png>]
<Images/esempio trie riempitp.png, id=29, 464.33475pt x 607.67026pt>
File: Images/esempio trie riempitp.png Graphic file (type png)
<use Images/esempio trie riempitp.png>
Package pdftex.def Info: Images/esempio trie riempitp.png  used on input line 96.
(pdftex.def)             Requested size: 227.62204pt x 297.88156pt.
 [7 <d:/Documenti - DataDrive/GitHub/Trie/Trie Latex Report/Images/esempio trie riempitp.png>] [8] [9]
<Images/esempio inserimento.png, id=41, 1101.51524pt x 929.27174pt>
File: Images/esempio inserimento.png Graphic file (type png)
<use Images/esempio inserimento.png>
Package pdftex.def Info: Images/esempio inserimento.png  used on input line 141.
(pdftex.def)             Requested size: 369.88582pt x 312.04884pt.
 [10 <d:/Documenti - DataDrive/GitHub/Trie/Trie Latex Report/Images/esempio inserimento.png>]
<Images/trie dopo inserimento.png, id=46, 439.04025pt x 608.87476pt>
File: Images/trie dopo inserimento.png Graphic file (type png)
<use Images/trie dopo inserimento.png>
Package pdftex.def Info: Images/trie dopo inserimento.png  used on input line 152.
(pdftex.def)             Requested size: 227.62204pt x 315.67833pt.
 [11


 <d:/Documenti - DataDrive/GitHub/Trie/Trie Latex Report/Images/trie dopo inserimento.png>] [12

]
<Images/ricerca.png, id=54, 183.68625pt x 331.83975pt>
File: Images/ricerca.png Graphic file (type png)
<use Images/ricerca.png>
Package pdftex.def Info: Images/ricerca.png  used on input line 198.
(pdftex.def)             Requested size: 113.81102pt x 205.61192pt.
 [13

 <d:/Documenti - DataDrive/GitHub/Trie/Trie Latex Report/Images/ricerca.png>] [14] [15

] [16

]
<Images/dopo cancellazione.png, id=69, 545.03625pt x 642.60075pt>
File: Images/dopo cancellazione.png Graphic file (type png)
<use Images/dopo cancellazione.png>
Package pdftex.def Info: Images/dopo cancellazione.png  used on input line 256.
(pdftex.def)             Requested size: 284.52756pt x 335.45842pt.
 [17 <d:/Documenti - DataDrive/GitHub/Trie/Trie Latex Report/Images/dopo cancellazione.png>]
LaTeX Font Info:    External font `cmex10' loaded for size
(Font)              <12> on input line 268.
LaTeX Font Info:    External font `cmex10' loaded for size
(Font)              <8> on input line 268.
LaTeX Font Info:    External font `cmex10' loaded for size
(Font)              <6> on input line 268.
 [18


] [19] [20] [21] [22] [23] [24

] [25] [26] [27]
<Images/ClassDiagram.png, id=109, 249.3315pt x 458.9145pt>
File: Images/ClassDiagram.png Graphic file (type png)
<use Images/ClassDiagram.png>
Package pdftex.def Info: Images/ClassDiagram.png  used on input line 482.
(pdftex.def)             Requested size: 227.62204pt x 418.95732pt.
 [28

 <d:/Documenti - DataDrive/GitHub/Trie/Trie Latex Report/Images/ClassDiagram.png>] [29

] [30

] ("d:/Documenti - DataDrive\GitHub\Trie\Trie Latex Report\TrieReportSource.aux")

LaTeX Warning: There were multiply-defined labels.

 ) 
Here is how much of TeX's memory you used:
 3817 strings out of 479697
 57825 string characters out of 2867132
 364257 words of memory out of 3000000
 20881 multiletter control sequences out of 15000+200000
 409593 words of font info for 47 fonts, out of 3000000 for 9000
 1141 hyphenation exceptions out of 8191
 66i,13n,72p,894b,434s stack positions out of 5000i,500n,10000p,200000b,50000s
 <C:\Users\nicol\AppData\Local\MiKTeX\fonts/pk/ljfour/jknappen/ec/dpi600\tcrm1440.pk><C:/Users/nicol/AppData/Local/Programs/MiKTeX/fonts/type1/public/amsfonts/cm/cmbx12.pfb><C:/Users/nicol/AppData/Local/Programs/MiKTeX/fonts/type1/public/amsfonts/cm/cmmi12.pfb><C:/Users/nicol/AppData/Local/Programs/MiKTeX/fonts/type1/public/amsfonts/cm/cmr12.pfb><C:/Users/nicol/AppData/Local/Programs/MiKTeX/fonts/type1/public/amsfonts/cm/cmr17.pfb><C:/Users/nicol/AppData/Local/Programs/MiKTeX/fonts/type1/public/amsfonts/cm/cmsy10.pfb><C:/Users/nicol/AppData/Local/Programs/MiKTeX/fonts/type1/public/amsfonts/cm/cmti12.pfb>
Output written on "d:/Documenti - DataDrive\GitHub\Trie\Trie Latex Report\TrieReportSource.pdf" (30 pages, 701619 bytes).
PDF statistics:
 144 PDF objects out of 1000 (max. 8388607)
 0 named destinations out of 1000 (max. 500000)
 41 words of extra memory for PDF output out of 10000 (max. 10000000)

